#
# There is insufficient memory for the Java Runtime Environment to continue.
# Native memory allocation (malloc) failed to allocate 1641376 bytes for Chunk::new
# Possible reasons:
#   The system is out of physical RAM or swap space
#   In 32 bit mode, the process size limit was hit
# Possible solutions:
#   Reduce memory load on the system
#   Increase physical memory or swap space
#   Check if swap backing store is full
#   Use 64 bit Java on a 64 bit OS
#   Decrease Java heap size (-Xmx/-Xms)
#   Decrease number of Java threads
#   Decrease Java thread stack sizes (-Xss)
#   Set larger code cache with -XX:ReservedCodeCacheSize=
# This output file may be truncated or incomplete.
#
#  Out of Memory Error (allocation.cpp:390), pid=12676, tid=0x0000000000000500
#
# JRE version: Java(TM) SE Runtime Environment (8.0_181-b13) (build 1.8.0_181-b13)
# Java VM: Java HotSpot(TM) 64-Bit Server VM (25.181-b13 mixed mode windows-amd64 compressed oops)
# Failed to write core dump. Minidumps are not enabled by default on client versions of Windows
#

---------------  T H R E A D  ---------------

Current thread (0x00000000159de000):  JavaThread "C2 CompilerThread1" daemon [_thread_in_native, id=1280, stack(0x0000000017120000,0x0000000017220000)]

Stack: [0x0000000017120000,0x0000000017220000]
[error occurred during error reporting (printing stack bounds), id 0xc0000005]

Native frames: (J=compiled Java code, j=interpreted, Vv=VM code, C=native code)


Current CompileTask:
C2:   7639 2499   !   4       com.android.dx.cf.code.Ropper::processBlock (1101 bytes)


---------------  P R O C E S S  ---------------

Java Threads: ( => current thread )
  0x0000000017593800 JavaThread "pool-2-thread-1" [_thread_blocked, id=11936, stack(0x0000000017a20000,0x0000000017b20000)]
  0x00000000175a3800 JavaThread "pool-1-thread-1" [_thread_in_Java, id=13032, stack(0x0000000017920000,0x0000000017a20000)]
  0x000000001734b000 JavaThread "Service Thread" daemon [_thread_blocked, id=9516, stack(0x0000000017720000,0x0000000017820000)]
  0x00000000159ec000 JavaThread "C1 CompilerThread2" daemon [_thread_blocked, id=8404, stack(0x0000000017220000,0x0000000017320000)]
=>0x00000000159de000 JavaThread "C2 CompilerThread1" daemon [_thread_in_native, id=1280, stack(0x0000000017120000,0x0000000017220000)]
  0x00000000159da000 JavaThread "C2 CompilerThread0" daemon [_thread_in_native, id=6392, stack(0x0000000017020000,0x0000000017120000)]
  0x00000000159d5000 JavaThread "Attach Listener" daemon [_thread_blocked, id=1648, stack(0x0000000016f20000,0x0000000017020000)]
  0x00000000159d9000 JavaThread "Signal Dispatcher" daemon [_thread_blocked, id=10344, stack(0x0000000016e20000,0x0000000016f20000)]
  0x00000000032fc800 JavaThread "Finalizer" daemon [_thread_blocked, id=8300, stack(0x0000000016c20000,0x0000000016d20000)]
  0x00000000032f1000 JavaThread "Reference Handler" daemon [_thread_blocked, id=5492, stack(0x0000000016b20000,0x0000000016c20000)]
  0x0000000003202800 JavaThread "main" [_thread_in_Java, id=12168, stack(0x0000000003100000,0x0000000003200000)]

Other Threads:
  0x0000000015997800 VMThread [stack: 0x0000000016a20000,0x0000000016b20000] [id=12500]
  0x0000000015a2e000 WatcherThread [stack: 0x0000000017820000,0x0000000017920000] [id=5444]

VM state:not at safepoint (normal execution)

VM Mutex/Monitor currently owned by a thread: None

Heap:
 PSYoungGen      total 198656K, used 43371K [0x00000000eab00000, 0x00000000fe680000, 0x0000000100000000)
  eden space 148992K, 5% used [0x00000000eab00000,0x00000000eb294730,0x00000000f3c80000)
  from space 49664K, 71% used [0x00000000f8300000,0x00000000fa5c6878,0x00000000fb380000)
  to   space 72192K, 0% used [0x00000000f3c80000,0x00000000f3c80000,0x00000000f8300000)
 ParOldGen       total 268288K, used 197751K [0x00000000c0000000, 0x00000000d0600000, 0x00000000eab00000)
  object space 268288K, 73% used [0x00000000c0000000,0x00000000cc11dd00,0x00000000d0600000)
 Metaspace       used 6710K, capacity 7320K, committed 7680K, reserved 1056768K
  class space    used 637K, capacity 656K, committed 768K, reserved 1048576K

Card table byte_map: [0x00000000126c0000,0x00000000128d0000] byte_map_base: 0x00000000120c0000

Marking Bits: (ParMarkBitMap*) 0x0000000053d02d00
 Begin Bits: [0x0000000012e30000, 0x0000000013e30000)
 End Bits:   [0x0000000013e30000, 0x0000000014e30000)

Polling page: 0x0000000001780000

CodeCache: size=245760Kb used=11888Kb max_used=11898Kb free=233871Kb
 bounds [0x0000000003300000, 0x0000000003eb0000, 0x0000000012300000]
 total_blobs=2637 nmethods=2366 adapters=183
 compilation: enabled

Compilation events (10 events):
Event: 7.473 Thread 0x00000000159ec000 2510       1       com.android.dx.rop.cst.CstLiteral32::getLongBits (6 bytes)
Event: 7.473 Thread 0x00000000159ec000 nmethod 2510 0x0000000003e64050 code [0x0000000003e641a0, 0x0000000003e642b0]
Event: 7.487 Thread 0x00000000159ec000 2511       2       java.util.HashSet::add (20 bytes)
Event: 7.487 Thread 0x00000000159ec000 nmethod 2511 0x0000000003e51650 code [0x0000000003e517c0, 0x0000000003e519d8]
Event: 7.526 Thread 0x00000000159da000 nmethod 2460 0x0000000003ea2550 code [0x0000000003ea2960, 0x0000000003ea5fc8]
Event: 7.526 Thread 0x00000000159da000 2506       4       com.android.dx.ssa.SsaConverter::edgeSplitMoveExceptionsAndResults (157 bytes)
Event: 7.611 Thread 0x00000000159da000 nmethod 2506 0x0000000003e6a910 code [0x0000000003e6aa80, 0x0000000003e6adb8]
Event: 7.611 Thread 0x00000000159da000 2446 %     4       com.android.dx.ssa.Dominators::run @ 89 (506 bytes)
Event: 7.615 Thread 0x00000000159ec000 2513       3       com.android.dx.ssa.SsaConverter::edgeSplitMoveExceptionsAndResults (157 bytes)
Event: 7.616 Thread 0x00000000159ec000 nmethod 2513 0x0000000003e9f390 code [0x0000000003e9f700, 0x0000000003ea12e8]

GC Heap History (10 events):
Event: 5.311 GC heap before
{Heap before GC invocations=11 (full 3):
 PSYoungGen      total 138240K, used 138239K [0x00000000eab00000, 0x00000000f9200000, 0x0000000100000000)
  eden space 133120K, 100% used [0x00000000eab00000,0x00000000f2d00000,0x00000000f2d00000)
  from space 5120K, 99% used [0x00000000f2d00000,0x00000000f31ffe58,0x00000000f3200000)
  to   space 41984K, 0% used [0x00000000f6900000,0x00000000f6900000,0x00000000f9200000)
 ParOldGen       total 268288K, used 119624K [0x00000000c0000000, 0x00000000d0600000, 0x00000000eab00000)
  object space 268288K, 44% used [0x00000000c0000000,0x00000000c74d20c8,0x00000000d0600000)
 Metaspace       used 6698K, capacity 7256K, committed 7424K, reserved 1056768K
  class space    used 637K, capacity 656K, committed 768K, reserved 1048576K
Event: 5.368 GC heap after
Heap after GC invocations=11 (full 3):
 PSYoungGen      total 195072K, used 25442K [0x00000000eab00000, 0x00000000f9500000, 0x0000000100000000)
  eden space 153088K, 0% used [0x00000000eab00000,0x00000000eab00000,0x00000000f4080000)
  from space 41984K, 60% used [0x00000000f6900000,0x00000000f81d89e8,0x00000000f9200000)
  to   space 41472K, 0% used [0x00000000f4080000,0x00000000f4080000,0x00000000f6900000)
 ParOldGen       total 268288K, used 119624K [0x00000000c0000000, 0x00000000d0600000, 0x00000000eab00000)
  object space 268288K, 44% used [0x00000000c0000000,0x00000000c74d20c8,0x00000000d0600000)
 Metaspace       used 6698K, capacity 7256K, committed 7424K, reserved 1056768K
  class space    used 637K, capacity 656K, committed 768K, reserved 1048576K
}
Event: 5.842 GC heap before
{Heap before GC invocations=12 (full 3):
 PSYoungGen      total 195072K, used 178530K [0x00000000eab00000, 0x00000000f9500000, 0x0000000100000000)
  eden space 153088K, 100% used [0x00000000eab00000,0x00000000f4080000,0x00000000f4080000)
  from space 41984K, 60% used [0x00000000f6900000,0x00000000f81d89e8,0x00000000f9200000)
  to   space 41472K, 0% used [0x00000000f4080000,0x00000000f4080000,0x00000000f6900000)
 ParOldGen       total 268288K, used 119624K [0x00000000c0000000, 0x00000000d0600000, 0x00000000eab00000)
  object space 268288K, 44% used [0x00000000c0000000,0x00000000c74d20c8,0x00000000d0600000)
 Metaspace       used 6701K, capacity 7320K, committed 7680K, reserved 1056768K
  class space    used 637K, capacity 656K, committed 768K, reserved 1048576K
Event: 5.900 GC heap after
Heap after GC invocations=12 (full 3):
 PSYoungGen      total 194560K, used 41447K [0x00000000eab00000, 0x00000000fb380000, 0x0000000100000000)
  eden space 153088K, 0% used [0x00000000eab00000,0x00000000eab00000,0x00000000f4080000)
  from space 41472K, 99% used [0x00000000f4080000,0x00000000f68f9ce0,0x00000000f6900000)
  to   space 49664K, 0% used [0x00000000f8300000,0x00000000f8300000,0x00000000fb380000)
 ParOldGen       total 268288K, used 124884K [0x00000000c0000000, 0x00000000d0600000, 0x00000000eab00000)
  object space 268288K, 46% used [0x00000000c0000000,0x00000000c79f5340,0x00000000d0600000)
 Metaspace       used 6701K, capacity 7320K, committed 7680K, reserved 1056768K
  class space    used 637K, capacity 656K, committed 768K, reserved 1048576K
}
Event: 6.482 GC heap before
{Heap before GC invocations=13 (full 3):
 PSYoungGen      total 194560K, used 194535K [0x00000000eab00000, 0x00000000fb380000, 0x0000000100000000)
  eden space 153088K, 100% used [0x00000000eab00000,0x00000000f4080000,0x00000000f4080000)
  from space 41472K, 99% used [0x00000000f4080000,0x00000000f68f9ce0,0x00000000f6900000)
  to   space 49664K, 0% used [0x00000000f8300000,0x00000000f8300000,0x00000000fb380000)
 ParOldGen       total 268288K, used 124884K [0x00000000c0000000, 0x00000000d0600000, 0x00000000eab00000)
  object space 268288K, 46% used [0x00000000c0000000,0x00000000c79f5340,0x00000000d0600000)
 Metaspace       used 6705K, capacity 7320K, committed 7680K, reserved 1056768K
  class space    used 637K, capacity 656K, committed 768K, reserved 1048576K
Event: 6.545 GC heap after
Heap after GC invocations=13 (full 3):
 PSYoungGen      total 202752K, used 49645K [0x00000000eab00000, 0x00000000fb380000, 0x0000000100000000)
  eden space 153088K, 0% used [0x00000000eab00000,0x00000000eab00000,0x00000000f4080000)
  from space 49664K, 99% used [0x00000000f8300000,0x00000000fb37b6b0,0x00000000fb380000)
  to   space 41472K, 0% used [0x00000000f4080000,0x00000000f4080000,0x00000000f6900000)
 ParOldGen       total 268288K, used 140086K [0x00000000c0000000, 0x00000000d0600000, 0x00000000eab00000)
  object space 268288K, 52% used [0x00000000c0000000,0x00000000c88cdb50,0x00000000d0600000)
 Metaspace       used 6705K, capacity 7320K, committed 7680K, reserved 1056768K
  class space    used 637K, capacity 656K, committed 768K, reserved 1048576K
}
Event: 6.983 GC heap before
{Heap before GC invocations=14 (full 3):
 PSYoungGen      total 202752K, used 202733K [0x00000000eab00000, 0x00000000fb380000, 0x0000000100000000)
  eden space 153088K, 100% used [0x00000000eab00000,0x00000000f4080000,0x00000000f4080000)
  from space 49664K, 99% used [0x00000000f8300000,0x00000000fb37b6b0,0x00000000fb380000)
  to   space 41472K, 0% used [0x00000000f4080000,0x00000000f4080000,0x00000000f6900000)
 ParOldGen       total 268288K, used 140086K [0x00000000c0000000, 0x00000000d0600000, 0x00000000eab00000)
  object space 268288K, 52% used [0x00000000c0000000,0x00000000c88cdb50,0x00000000d0600000)
 Metaspace       used 6707K, capacity 7320K, committed 7680K, reserved 1056768K
  class space    used 637K, capacity 656K, committed 768K, reserved 1048576K
Event: 7.080 GC heap after
Heap after GC invocations=14 (full 3):
 PSYoungGen      total 194560K, used 41468K [0x00000000eab00000, 0x00000000fb380000, 0x0000000100000000)
  eden space 153088K, 0% used [0x00000000eab00000,0x00000000eab00000,0x00000000f4080000)
  from space 41472K, 99% used [0x00000000f4080000,0x00000000f68ff2b0,0x00000000f6900000)
  to   space 49664K, 0% used [0x00000000f8300000,0x00000000f8300000,0x00000000fb380000)
 ParOldGen       total 268288K, used 171059K [0x00000000c0000000, 0x00000000d0600000, 0x00000000eab00000)
  object space 268288K, 63% used [0x00000000c0000000,0x00000000ca70cf08,0x00000000d0600000)
 Metaspace       used 6707K, capacity 7320K, committed 7680K, reserved 1056768K
  class space    used 637K, capacity 656K, committed 768K, reserved 1048576K
}
Event: 7.527 GC heap before
{Heap before GC invocations=15 (full 3):
 PSYoungGen      total 194560K, used 194556K [0x00000000eab00000, 0x00000000fb380000, 0x0000000100000000)
  eden space 153088K, 100% used [0x00000000eab00000,0x00000000f4080000,0x00000000f4080000)
  from space 41472K, 99% used [0x00000000f4080000,0x00000000f68ff2b0,0x00000000f6900000)
  to   space 49664K, 0% used [0x00000000f8300000,0x00000000f8300000,0x00000000fb380000)
 ParOldGen       total 268288K, used 171059K [0x00000000c0000000, 0x00000000d0600000, 0x00000000eab00000)
  object space 268288K, 63% used [0x00000000c0000000,0x00000000ca70cf08,0x00000000d0600000)
 Metaspace       used 6710K, capacity 7320K, committed 7680K, reserved 1056768K
  class space    used 637K, capacity 656K, committed 768K, reserved 1048576K
Event: 7.607 GC heap after
Heap after GC invocations=15 (full 3):
 PSYoungGen      total 198656K, used 35610K [0x00000000eab00000, 0x00000000fe680000, 0x0000000100000000)
  eden space 148992K, 0% used [0x00000000eab00000,0x00000000eab00000,0x00000000f3c80000)
  from space 49664K, 71% used [0x00000000f8300000,0x00000000fa5c6878,0x00000000fb380000)
  to   space 72192K, 0% used [0x00000000f3c80000,0x00000000f3c80000,0x00000000f8300000)
 ParOldGen       total 268288K, used 197751K [0x00000000c0000000, 0x00000000d0600000, 0x00000000eab00000)
  object space 268288K, 73% used [0x00000000c0000000,0x00000000cc11dd00,0x00000000d0600000)
 Metaspace       used 6710K, capacity 7320K, committed 7680K, reserved 1056768K
  class space    used 637K, capacity 656K, committed 768K, reserved 1048576K
}

Deoptimization events (10 events):
Event: 4.019 Thread 0x0000000003202800 Uncommon trap: reason=bimorphic action=maybe_recompile pc=0x0000000003c799ac method=com.android.dx.ssa.NormalSsaInsn.accept(Lcom/android/dx/ssa/SsaInsn$Visitor;)V @ 9
Event: 4.451 Thread 0x00000000175a3800 Uncommon trap: reason=unstable_if action=reinterpret pc=0x0000000003c5135c method=java.util.HashMap.putVal(ILjava/lang/Object;Ljava/lang/Object;ZZ)Ljava/lang/Object; @ 109
Event: 4.554 Thread 0x00000000175a3800 Uncommon trap: reason=unstable_if action=reinterpret pc=0x0000000003c9ef5c method=com.android.dx.ssa.SCCP.simulateStmt(Lcom/android/dx/ssa/SsaInsn;)V @ 469
Event: 5.759 Thread 0x00000000175a3800 Uncommon trap: reason=unstable_if action=reinterpret pc=0x0000000003d7f118 method=com.android.dx.ssa.LiteralOpUpgrader.tryReplacingWithConstant(Lcom/android/dx/ssa/NormalSsaInsn;)Z @ 30
Event: 6.179 Thread 0x00000000175a3800 Uncommon trap: reason=unstable_if action=reinterpret pc=0x0000000003db59e8 method=com.android.dx.ssa.NormalSsaInsn.getLocalAssignment()Lcom/android/dx/rop/code/RegisterSpec; @ 12
Event: 6.183 Thread 0x00000000175a3800 Uncommon trap: reason=unstable_if action=reinterpret pc=0x0000000003620cbc method=com.android.dx.ssa.NormalSsaInsn.getLocalAssignment()Lcom/android/dx/rop/code/RegisterSpec; @ 47
Event: 6.316 Thread 0x0000000003202800 Uncommon trap: reason=unstable_if action=reinterpret pc=0x0000000003dcbf70 method=com.android.dx.rop.code.RegisterSpec.equals(ILcom/android/dx/rop/type/TypeBearer;Lcom/android/dx/rop/code/LocalItem;)Z @ 42
Event: 6.317 Thread 0x00000000175a3800 Uncommon trap: reason=unstable_if action=reinterpret pc=0x0000000003cb9788 method=java.util.HashMap.putVal(ILjava/lang/Object;Ljava/lang/Object;ZZ)Ljava/lang/Object; @ 109
Event: 7.380 Thread 0x00000000175a3800 Uncommon trap: reason=null_check action=make_not_entrant pc=0x0000000003e8059c method=com.android.dx.cf.code.Ropper$CatchInfo.getSetup(Lcom/android/dx/rop/type/Type;)Lcom/android/dx/cf/code/Ropper$ExceptionHandlerSetup; @ 10
Event: 7.614 Thread 0x0000000003202800 Uncommon trap: reason=unstable_if action=reinterpret pc=0x0000000003e6ac28 method=com.android.dx.ssa.SsaConverter.edgeSplitMoveExceptionsAndResults(Lcom/android/dx/ssa/SsaMethod;)V @ 57

Classes redefined (0 events):
No events

Internal exceptions (8 events):
Event: 0.025 Thread 0x0000000003202800 Exception <a 'java/lang/NoSuchMethodError': Method sun.misc.Unsafe.defineClass(Ljava/lang/String;[BII)Ljava/lang/Class; name or signature does not match> (0x00000000eab07cb0) thrown at [C:\re\workspace\8-2-build-windows-amd64-cygwin\jdk8u181\11358\hotspot
Event: 0.025 Thread 0x0000000003202800 Exception <a 'java/lang/NoSuchMethodError': Method sun.misc.Unsafe.prefetchRead(Ljava/lang/Object;J)V name or signature does not match> (0x00000000eab07f98) thrown at [C:\re\workspace\8-2-build-windows-amd64-cygwin\jdk8u181\11358\hotspot\src\share\vm\prim
Event: 1.362 Thread 0x0000000003202800 Exception <a 'java/lang/ArrayIndexOutOfBoundsException': 18> (0x00000000edaeb820) thrown at [C:\re\workspace\8-2-build-windows-amd64-cygwin\jdk8u181\11358\hotspot\src\share\vm\interpreter\interpreterRuntime.cpp, line 366]
Event: 1.363 Thread 0x0000000003202800 Exception <a 'java/lang/ArrayIndexOutOfBoundsException'> (0x00000000edaed3a0) thrown at [C:\re\workspace\8-2-build-windows-amd64-cygwin\jdk8u181\11358\hotspot\src\share\vm\runtime\sharedRuntime.cpp, line 605]
Event: 1.370 Thread 0x0000000003202800 Exception <a 'java/lang/ArrayIndexOutOfBoundsException'> (0x00000000edaee688) thrown at [C:\re\workspace\8-2-build-windows-amd64-cygwin\jdk8u181\11358\hotspot\src\share\vm\runtime\sharedRuntime.cpp, line 605]
Event: 1.847 Thread 0x0000000003202800 Implicit null exception at 0x00000000035ee8e2 to 0x00000000035ee9da
Event: 2.029 Thread 0x0000000003202800 Implicit null exception at 0x00000000039f0d7e to 0x00000000039f16d9
Event: 7.380 Thread 0x00000000175a3800 Implicit null exception at 0x0000000003e773ec to 0x0000000003e8055d

Events (10 events):
Event: 7.526 Thread 0x0000000003202800 DEOPT UNPACKING pc=0x0000000003347890 sp=0x00000000031fe120 mode 0
Event: 7.526 Executing VM operation: ParallelGCFailedAllocation
Event: 7.607 Executing VM operation: ParallelGCFailedAllocation done
Event: 7.613 Thread 0x0000000003202800 DEOPT PACKING pc=0x0000000003dc797b sp=0x00000000031fe610
Event: 7.613 Thread 0x0000000003202800 DEOPT UNPACKING pc=0x0000000003347890 sp=0x00000000031fe370 mode 0
Event: 7.614 Thread 0x0000000003202800 Uncommon trap: trap_request=0xffffff65 fr.pc=0x0000000003e6ac28
Event: 7.614 Thread 0x0000000003202800 DEOPT PACKING pc=0x0000000003e6ac28 sp=0x00000000031fe760
Event: 7.614 Thread 0x0000000003202800 DEOPT UNPACKING pc=0x000000000334583b sp=0x00000000031fe6d8 mode 2
Event: 7.635 Thread 0x0000000003202800 DEOPT PACKING pc=0x0000000003703a22 sp=0x00000000031fe5d0
Event: 7.635 Thread 0x0000000003202800 DEOPT UNPACKING pc=0x0000000003347890 sp=0x00000000031fe400 mode 0


Dynamic libraries:
0x00007ff619c30000 - 0x00007ff619c67000 	C:\Program Files\Java\jdk1.8.0_181\bin\java.exe
0x00007ffd9f280000 - 0x00007ffd9f461000 	C:\Windows\SYSTEM32\ntdll.dll
0x00007ffd9c8f0000 - 0x00007ffd9c9a2000 	C:\Windows\System32\KERNEL32.DLL
0x00007ffd9bb30000 - 0x00007ffd9bda3000 	C:\Windows\System32\KERNELBASE.dll
0x00007ffd9c770000 - 0x00007ffd9c811000 	C:\Windows\System32\ADVAPI32.dll
0x00007ffd9d8c0000 - 0x00007ffd9d95e000 	C:\Windows\System32\msvcrt.dll
0x00007ffd9c9b0000 - 0x00007ffd9ca0b000 	C:\Windows\System32\sechost.dll
0x00007ffd9cd00000 - 0x00007ffd9ce24000 	C:\Windows\System32\RPCRT4.dll
0x00007ffd9d6a0000 - 0x00007ffd9d830000 	C:\Windows\System32\USER32.dll
0x00007ffd9be60000 - 0x00007ffd9be80000 	C:\Windows\System32\win32u.dll
0x00007ffd9f220000 - 0x00007ffd9f248000 	C:\Windows\System32\GDI32.dll
0x00007ffd9b6a0000 - 0x00007ffd9b832000 	C:\Windows\System32\gdi32full.dll
0x00007ffd9ba30000 - 0x00007ffd9bacf000 	C:\Windows\System32\msvcp_win.dll
0x00007ffd9bf00000 - 0x00007ffd9bffa000 	C:\Windows\System32\ucrtbase.dll
0x00007ffd8b2f0000 - 0x00007ffd8b559000 	C:\Windows\WinSxS\amd64_microsoft.windows.common-controls_6595b64144ccf1df_6.0.17134.167_none_fb4496d930639c5a\COMCTL32.dll
0x00007ffd9dab0000 - 0x00007ffd9ddd3000 	C:\Windows\System32\combase.dll
0x00007ffd9be80000 - 0x00007ffd9befa000 	C:\Windows\System32\bcryptPrimitives.dll
0x00007ffd9cb30000 - 0x00007ffd9cb5d000 	C:\Windows\System32\IMM32.DLL
0x0000000053d90000 - 0x0000000053e62000 	C:\Program Files\Java\jdk1.8.0_181\jre\bin\msvcr100.dll
0x00000000534e0000 - 0x0000000053d82000 	C:\Program Files\Java\jdk1.8.0_181\jre\bin\server\jvm.dll
0x00007ffd9d850000 - 0x00007ffd9d858000 	C:\Windows\System32\PSAPI.DLL
0x00007ffd99360000 - 0x00007ffd99383000 	C:\Windows\SYSTEM32\WINMM.dll
0x00007ffd8bf20000 - 0x00007ffd8bf29000 	C:\Windows\SYSTEM32\WSOCK32.dll
0x00007ffd9a1c0000 - 0x00007ffd9a1ca000 	C:\Windows\SYSTEM32\VERSION.dll
0x00007ffd9cac0000 - 0x00007ffd9cb2c000 	C:\Windows\System32\WS2_32.dll
0x00007ffd99330000 - 0x00007ffd9935a000 	C:\Windows\SYSTEM32\WINMMBASE.dll
0x00007ffd9b650000 - 0x00007ffd9b699000 	C:\Windows\System32\cfgmgr32.dll
0x00000000534d0000 - 0x00000000534df000 	C:\Program Files\Java\jdk1.8.0_181\jre\bin\verify.dll
0x00000000534a0000 - 0x00000000534c9000 	C:\Program Files\Java\jdk1.8.0_181\jre\bin\java.dll
0x0000000053480000 - 0x0000000053496000 	C:\Program Files\Java\jdk1.8.0_181\jre\bin\zip.dll
0x00007ffd9dde0000 - 0x00007ffd9f220000 	C:\Windows\System32\SHELL32.dll
0x00007ffd9ca10000 - 0x00007ffd9cab9000 	C:\Windows\System32\shcore.dll
0x00007ffd9c000000 - 0x00007ffd9c70d000 	C:\Windows\System32\windows.storage.dll
0x00007ffd9c710000 - 0x00007ffd9c761000 	C:\Windows\System32\shlwapi.dll
0x00007ffd9b5b0000 - 0x00007ffd9b5c1000 	C:\Windows\System32\kernel.appcore.dll
0x00007ffd9b630000 - 0x00007ffd9b64f000 	C:\Windows\System32\profapi.dll
0x00007ffd9b5d0000 - 0x00007ffd9b61c000 	C:\Windows\System32\powrprof.dll
0x00007ffd9b620000 - 0x00007ffd9b62a000 	C:\Windows\System32\FLTLIB.DLL

VM Arguments:
jvm_args: -Xmx1G 
java_command: C:\Program Files (x86)\Android\android-sdk\build-tools\25.0.3\\lib\dx.jar --dex --no-strict --output obj\Debug\android\bin C:\repos\MobileApp\LersMobile\LersMobile\LersMobile.Android\obj\Debug\android\bin\classes.zip C:\Program Files (x86)\Microsoft Visual Studio\2017\Community\Common7\IDE\ReferenceAssemblies\Microsoft\Framework\MonoAndroid\v8.1\mono.android.jar obj\Debug\lp\10\jl\arch-lifecycle-common.jar obj\Debug\lp\11\jl\bin\classes.jar obj\Debug\lp\12\jl\bin\classes.jar obj\Debug\lp\14\jl\bin\classes.jar obj\Debug\lp\15\jl\bin\classes.jar obj\Debug\lp\16\jl\bin\classes.jar obj\Debug\lp\17\jl\bin\classes.jar obj\Debug\lp\18\jl\bin\classes.jar obj\Debug\lp\19\jl\bin\classes.jar obj\Debug\lp\20\jl\bin\classes.jar obj\Debug\lp\21\jl\bin\classes.jar obj\Debug\lp\22\jl\bin\classes.jar obj\Debug\lp\23\jl\bin\classes.jar obj\Debug\lp\24\jl\bin\classes.jar obj\Debug\lp\25\jl\bin\classes.jar obj\Debug\lp\26\jl\bin\classes.jar obj\Debug\lp\27\jl\bin\classes.jar obj\Debug\lp\5\jl\formsviewgroup.jar obj\Debug\lp\9\jl\arch-core-common.jar
java_class_path (initial): C:\Program Files (x86)\Android\android-sdk\build-tools\25.0.3\\lib\dx.jar
Launcher Type: SUN_STANDARD

Environment Variables:
PATH=C:\Windows\system32;C:\Windows;C:\Windows\System32\Wbem;C:\Windows\System32\WindowsPowerShell\v1.0\;C:\Windows\System32\OpenSSH\;C:\Program Files\TortoiseSVN\bin;C:\Program Files\dotnet\;C:\Program Files\Git\cmd;C:\Program Files\Microsoft SQL Server\130\Tools\Binn\;C:\Users\gerasimov\AppData\Local\Microsoft\WindowsApps;
USERNAME=gerasimov
OS=Windows_NT
PROCESSOR_IDENTIFIER=Intel64 Family 6 Model 94 Stepping 3, GenuineIntel



---------------  S Y S T E M  ---------------

OS: Windows 10.0 , 64 bit Build 17134 (10.0.17134.1)

CPU:total 4 (initial active 4) (4 cores per cpu, 1 threads per core) family 6 model 94 stepping 3, cmov, cx8, fxsr, mmx, sse, sse2, sse3, ssse3, sse4.1, sse4.2, popcnt, avx, avx2, aes, clmul, erms, 3dnowpref, lzcnt, tsc, tscinvbit, bmi1, bmi2, adx

Memory: 4k page, physical 8272188k(797920k free), swap 8272188k(6620k free)

vm_info: Java HotSpot(TM) 64-Bit Server VM (25.181-b13) for windows-amd64 JRE (1.8.0_181-b13), built on Jul  7 2018 04:01:33 by "java_re" with MS VC++ 10.0 (VS2010)

time: Thu Jul 26 14:41:36 2018
elapsed time: 7 seconds (0d 0h 0m 7s)

